# JRE version: OpenJDK Runtime Environment Temurin-17.0.9+9 (17.0.9+9) (build 17.0.9+9)
# Java VM: OpenJDK 64-Bit Server VM Temurin-17.0.9+9 (17.0.9+9, mixed mode, sharing, tiered, compressed oops, compressed class ptrs, g1 gc, windows-amd64)
GC Precious Log:
 CPUs: 12 total, 12 available
 Memory: 7501M
 Large Page Support: Disabled
 NUMA Support: Disabled
 Compressed Oops: Enabled (32-bit)
 Heap Region Size: 1M
 Heap Min Capacity: 8M
 Heap Initial Capacity: 118M
 Heap Max Capacity: 1876M
 Pre-touch: Disabled
 Parallel Workers: 10
 Concurrent Workers: 3
 Concurrent Refinement Workers: 10
 Periodic GC: Disabled
Heap:
 garbage-first heap   total 120832K, used 11093K [0x000000008ac00000, 0x0000000100000000)
  region size 1024K, 1 young (1024K), 1 survivors (1024K)
 Metaspace       used 10859K, committed 11072K, reserved 1114112K
  class space    used 1150K, committed 1280K, reserved 1048576K
GC Heap History (11 events):
Event: 2.459 GC heap before
{Heap before GC invocations=0 (full 0):
 garbage-first heap   total 120832K, used 23552K [0x000000008ac00000, 0x0000000100000000)
  region size 1024K, 23 young (23552K), 0 survivors (0K)
 Metaspace       used 7030K, committed 7104K, reserved 1114112K
  class space    used 791K, committed 832K, reserved 1048576K
}
Event: 2.472 GC heap after
{Heap after GC invocations=1 (full 0):
 garbage-first heap   total 120832K, used 4016K [0x000000008ac00000, 0x0000000100000000)
  region size 1024K, 3 young (3072K), 3 survivors (3072K)
 Metaspace       used 7030K, committed 7104K, reserved 1114112K
  class space    used 791K, committed 832K, reserved 1048576K
}
Event: 4.682 GC heap before
{Heap before GC invocations=1 (full 0):
 garbage-first heap   total 120832K, used 33712K [0x000000008ac00000, 0x0000000100000000)
  region size 1024K, 33 young (33792K), 3 survivors (3072K)
 Metaspace       used 10610K, committed 10816K, reserved 1114112K
  class space    used 1143K, committed 1280K, reserved 1048576K
}
Event: 4.717 GC heap after
{Heap after GC invocations=2 (full 0):
 garbage-first heap   total 120832K, used 11346K [0x000000008ac00000, 0x0000000100000000)
  region size 1024K, 5 young (5120K), 5 survivors (5120K)
 Metaspace       used 10610K, committed 10816K, reserved 1114112K
  class space    used 1143K, committed 1280K, reserved 1048576K
}
Event: 6.346 GC heap before
{Heap before GC invocations=2 (full 0):
 garbage-first heap   total 120832K, used 74834K [0x000000008ac00000, 0x0000000100000000)
  region size 1024K, 67 young (68608K), 5 survivors (5120K)
 Metaspace       used 10856K, committed 11072K, reserved 1114112K
  class space    used 1150K, committed 1280K, reserved 1048576K
}
Event: 8.352 GC heap after
{Heap after GC invocations=3 (full 0):
 garbage-first heap   total 120832K, used 10953K [0x000000008ac00000, 0x0000000100000000)
  region size 1024K, 5 young (5120K), 5 survivors (5120K)
 Metaspace       used 10856K, committed 11072K, reserved 1114112K
  class space    used 1150K, committed 1280K, reserved 1048576K
}
Event: 8.366 GC heap before
{Heap before GC invocations=3 (full 0):
 garbage-first heap   total 120832K, used 11977K [0x000000008ac00000, 0x0000000100000000)
  region size 1024K, 6 young (6144K), 5 survivors (5120K)
 Metaspace       used 10857K, committed 11072K, reserved 1114112K
  class space    used 1150K, committed 1280K, reserved 1048576K
}
Event: 8.374 GC heap after
{Heap after GC invocations=4 (full 0):
 garbage-first heap   total 120832K, used 11141K [0x000000008ac00000, 0x0000000100000000)
  region size 1024K, 1 young (1024K), 1 survivors (1024K)
 Metaspace       used 10857K, committed 11072K, reserved 1114112K
  class space    used 1150K, committed 1280K, reserved 1048576K
}
Event: 8.421 GC heap before
{Heap before GC invocations=4 (full 0):
 garbage-first heap   total 120832K, used 15237K [0x000000008ac00000, 0x0000000100000000)
  region size 1024K, 5 young (5120K), 1 survivors (1024K)
 Metaspace       used 10859K, committed 11072K, reserved 1114112K
  class space    used 1150K, committed 1280K, reserved 1048576K
}
Event: 8.423 GC heap after
{Heap after GC invocations=5 (full 0):
 garbage-first heap   total 120832K, used 11113K [0x000000008ac00000, 0x0000000100000000)
  region size 1024K, 1 young (1024K), 1 survivors (1024K)
 Metaspace       used 10859K, committed 11072K, reserved 1114112K
  class space    used 1150K, committed 1280K, reserved 1048576K
}
Event: 8.449 GC heap before
{Heap before GC invocations=5 (full 0):
 garbage-first heap   total 120832K, used 14185K [0x000000008ac00000, 0x0000000100000000)
  region size 1024K, 5 young (5120K), 1 survivors (1024K)
 Metaspace       used 10859K, committed 11072K, reserved 1114112K
  class space    used 1150K, committed 1280K, reserved 1048576K
}

